0 verbose cli /data/data/com.termux/files/usr/bin/node /data/data/com.termux/files/usr/bin/npm
1 info using npm@11.17.0
2 info using node@v26.3.1
3 silly config load:file:/data/data/com.termux/files/usr/lib/node_modules/npm/npmrc
4 silly config load:file:/data/data/com.termux/files/home/.npmrc
5 silly config load:file:/data/data/com.termux/files/usr/etc/npmrc
6 verbose title npm install express
7 verbose argv "install" "express"
8 verbose logfile logs-max:10 dir:/data/data/com.termux/files/home/.npm/_logs/2026-06-25T04_32_17_782Z-
9 verbose logfile /data/data/com.termux/files/home/.npm/_logs/2026-06-25T04_32_17_782Z-debug-0.log
10 silly logfile done cleaning log files
11 silly packumentCache heap:2248146944 maxSize:562036736 maxEntrySize:281018368
12 silly idealTree buildDeps
13 silly fetch manifest express@^5.2.1
14 silly packumentCache full:https://registry.npmjs.org/express cache-miss
15 http cache https://registry.npmjs.org/express 74ms (cache hit)
16 silly packumentCache full:https://registry.npmjs.org/express set size:804933 disposed:false
17 silly placeDep ROOT express@5.2.1 REPLACE for:  want: ^5.2.1
18 silly reify moves {}
19 silly audit bulk request {
19 silly audit   accepts: [ '2.0.0' ],
19 silly audit   'body-parser': [ '2.3.0' ],
19 silly audit   'content-type': [ '2.0.0', '1.0.5' ],
19 silly audit   bytes: [ '3.1.2' ],
19 silly audit   'call-bind-apply-helpers': [ '1.0.2' ],
19 silly audit   'call-bound': [ '1.0.4' ],
19 silly audit   'content-disposition': [ '1.1.0' ],
19 silly audit   cookie: [ '0.7.2' ],
19 silly audit   'cookie-signature': [ '1.2.2' ],
19 silly audit   debug: [ '4.4.3' ],
19 silly audit   depd: [ '2.0.0' ],
19 silly audit   'dunder-proto': [ '1.0.1' ],
19 silly audit   'ee-first': [ '1.1.1' ],
19 silly audit   encodeurl: [ '2.0.0' ],
19 silly audit   'es-define-property': [ '1.0.1' ],
19 silly audit   'es-errors': [ '1.3.0' ],
19 silly audit   'es-object-atoms': [ '1.1.2' ],
19 silly audit   'escape-html': [ '1.0.3' ],
19 silly audit   etag: [ '1.8.1' ],
19 silly audit   finalhandler: [ '2.1.1' ],
19 silly audit   forwarded: [ '0.2.0' ],
19 silly audit   fresh: [ '2.0.0' ],
19 silly audit   'function-bind': [ '1.1.2' ],
19 silly audit   'get-intrinsic': [ '1.3.0' ],
19 silly audit   'get-proto': [ '1.0.1' ],
19 silly audit   gopd: [ '1.2.0' ],
19 silly audit   'has-symbols': [ '1.1.0' ],
19 silly audit   hasown: [ '2.0.4' ],
19 silly audit   'http-errors': [ '2.0.1' ],
19 silly audit   'iconv-lite': [ '0.7.2' ],
19 silly audit   inherits: [ '2.0.4' ],
19 silly audit   'ipaddr.js': [ '1.9.1' ],
19 silly audit   'is-promise': [ '4.0.0' ],
19 silly audit   'math-intrinsics': [ '1.1.0' ],
19 silly audit   'media-typer': [ '1.1.0' ],
19 silly audit   'merge-descriptors': [ '2.0.0' ],
19 silly audit   'mime-db': [ '1.54.0' ],
19 silly audit   'mime-types': [ '3.0.2' ],
19 silly audit   ms: [ '2.1.3' ],
19 silly audit   negotiator: [ '1.0.0' ],
19 silly audit   'object-inspect': [ '1.13.4' ],
19 silly audit   'on-finished': [ '2.4.1' ],
19 silly audit   once: [ '1.4.0' ],
19 silly audit   parseurl: [ '1.3.3' ],
19 silly audit   'path-to-regexp': [ '8.4.2' ],
19 silly audit   'proxy-addr': [ '2.0.7' ],
19 silly audit   qs: [ '6.15.3' ],
19 silly audit   'range-parser': [ '1.2.1' ],
19 silly audit   'raw-body': [ '3.0.2' ],
19 silly audit   router: [ '2.2.0' ],
19 silly audit   'safer-buffer': [ '2.1.2' ],
19 silly audit   send: [ '1.2.1' ],
19 silly audit   'serve-static': [ '2.2.1' ],
19 silly audit   setprototypeof: [ '1.2.0' ],
19 silly audit   'side-channel': [ '1.1.1' ],
19 silly audit   'side-channel-list': [ '1.0.1' ],
19 silly audit   'side-channel-map': [ '1.0.1' ],
19 silly audit   'side-channel-weakmap': [ '1.0.2' ],
19 silly audit   statuses: [ '2.0.2' ],
19 silly audit   toidentifier: [ '1.0.1' ],
19 silly audit   'type-is': [ '2.1.0' ],
19 silly audit   unpipe: [ '1.0.0' ],
19 silly audit   vary: [ '1.1.2' ],
19 silly audit   wrappy: [ '1.0.2' ],
19 silly audit   express: [ '5.2.1' ]
19 silly audit }
20 http fetch POST 200 https://registry.npmjs.org/-/npm/v1/security/advisories/bulk 508ms
21 silly audit report {}
22 verbose cwd /data/data/com.termux/files/home
23 verbose os Linux 6.6.89-android15-8-g8e4be6b47e40-ab14134548-4k
24 verbose node v26.3.1
25 verbose npm  v11.17.0
26 verbose exit 0
27 info ok
